<?xml version="1.0" encoding="UTF-8"?>
<!-- Generated by org.testng.reporters.JUnitReportReporter -->
<testsuite hostname="DESKTOP-0EJ8PRH" failures="0" tests="1" name="scripts.TC2" time="3.834" errors="0" timestamp="2024-07-04T08:54:12 IST" skipped="0">
  <testcase classname="scripts.TC2" name="test2" time="3.834"/>
  <system-out>
    <![CDATA[Google]]>
  </system-out>
</testsuite> <!-- scripts.TC2 -->
