<?xml version="1.0" encoding="UTF-8"?>
<!-- Generated by org.testng.reporters.JUnitReportReporter -->
<testsuite hostname="DESKTOP-0EJ8PRH" failures="0" tests="1" name="scripts.InvalidLogin" time="5.252" errors="0" timestamp="2024-07-10T08:04:32 IST" skipped="0">
  <testcase classname="scripts.InvalidLogin" name="testInvalidLogin" time="5.252"/>
  <system-out>
    <![CDATA[Err Msg is displayed]]>
  </system-out>
</testsuite> <!-- scripts.InvalidLogin -->
