<?xml version="1.0" encoding="UTF-8"?>
<!-- Generated by org.testng.reporters.JUnitReportReporter -->
<testsuite hostname="DESKTOP-0EJ8PRH" failures="0" tests="1" name="scripts.TC1" time="6.843" errors="0" timestamp="2024-07-08T08:19:09 IST" skipped="0">
  <testcase classname="scripts.TC1" name="test1" time="6.843"/>
  <system-out/>
</testsuite> <!-- scripts.TC1 -->
