<?xml version="1.0" encoding="UTF-8"?>
<!-- Generated by org.testng.reporters.JUnitReportReporter -->
<testsuite hostname="DESKTOP-0EJ8PRH" failures="0" tests="1" name="scripts.ValidLogin" time="7.269" errors="0" timestamp="2024-07-10T07:41:30 IST" skipped="0">
  <testcase classname="scripts.ValidLogin" name="testValidLogin" time="7.269"/>
  <system-out>
    <![CDATA[Homepage is displayed]]>
  </system-out>
</testsuite> <!-- scripts.ValidLogin -->
