<?xml version="1.0" encoding="UTF-8"?>
<!-- Generated by org.testng.reporters.JUnitReportReporter -->
<testsuite hostname="DESKTOP-0EJ8PRH" failures="0" tests="1" name="scripts.ValidLogin" time="7.689" errors="0" timestamp="2024-07-09T09:12:06 IST" skipped="0">
  <testcase classname="scripts.ValidLogin" name="testValidLogin" time="7.689"/>
  <system-out>
    <![CDATA[Homepage is displayed]]>
  </system-out>
</testsuite> <!-- scripts.ValidLogin -->
